// ----------------------------------------------------------------------------
// Smart High-Level Synthesis Tool Version 2023.1
// Copyright (c) 2015-2023 Microchip Technology Inc. All Rights Reserved.
// For support, please visit https://microchiptech.github.io/fpga-hls-docs/techsupport.html.
// Date: Mon Apr  3 09:00:22 2023
// ----------------------------------------------------------------------------

SmartHLS Summary Report for Project: part2.

Table of Contents
  1. RTL Interface
  2. Scheduling Result
  3. Pipeline Result
  4. Memory Usage
  5. AXI4 Target Interface Address Map
  6. Resource Binding with Adaptive Latency


====== 1. RTL Interface ======

+---------------------------------------------------------------------------------------------------+
| RTL Interface Generated by SmartHLS                                                               |
+----------+----------------+---------------------------------+------------------+------------------+
| C++ Name | Interface Type | Signal Name                     | Signal Bit-width | Signal Direction |
+----------+----------------+---------------------------------+------------------+------------------+
|          | Clock & Reset  | clk (positive edge)             | 1                | input            |
|          |                | reset (synchronous active high) | 1                | input            |
+----------+----------------+---------------------------------+------------------+------------------+
|          | Control        | finish                          | 1                | output           |
|          |                | ready                           | 1                | output           |
|          |                | start                           | 1                | input            |
+----------+----------------+---------------------------------+------------------+------------------+
| in       | Memory         | in_var_address_a                | 18               | output           |
|          |                | in_var_address_b                | 18               | output           |
|          |                | in_var_clken                    | 1                | output           |
|          |                | in_var_read_data_a              | 8                | input            |
|          |                | in_var_read_data_b              | 8                | input            |
|          |                | in_var_read_en_a                | 1                | output           |
|          |                | in_var_read_en_b                | 1                | output           |
+----------+----------------+---------------------------------+------------------+------------------+
| out      | Memory         | out_var_address_a               | 18               | output           |
|          |                | out_var_address_b               | 18               | output           |
|          |                | out_var_clken                   | 1                | output           |
|          |                | out_var_write_data_a            | 8                | output           |
|          |                | out_var_write_data_b            | 8                | output           |
|          |                | out_var_write_en_a              | 1                | output           |
|          |                | out_var_write_en_b              | 1                | output           |
+----------+----------------+---------------------------------+------------------+------------------+

The Verilog top-level module ports that are not listed in the above table are unused. Please tie the unused input ports to 0.

====== 2. Scheduling Result ======

Please use SmartHLS's schedule viewer to examine the schedule.

Basic Block Latencies:

+-----------------------------------------------------------------------+
| Function: sobel_filter (non-pipelined function)                       |
+-------------+---------------+-----------------------------------------+
| Basic Block | Cycle Latency | Location in Source Code                 |
+-------------+---------------+-----------------------------------------+
| entry       | 1             | sobel.cpp:20                            |
| for_body    | 6             | sobel.cpp:20,22,24,30-32,36-37,39-40,42 |
| for_end53   | 1             | sobel.cpp:44                            |
+-------------+---------------+-----------------------------------------+

====== 4. Memory Usage ======

+----------------+
| Local Memories |
+----------------+
| None           |
+----------------+

+-------------------------+
| Local Constant Memories |
+-------------------------+
| None                    |
+-------------------------+

+-----------------------+
| Shared Local Memories |
+-----------------------+
| None                  |
+-----------------------+

+------------------+
| Aliased Memories |
+------------------+
| None             |
+------------------+

+------------------------------------------------------------------------------------------+
| I/O Memories                                                                             |
+---------+-----------------------+------+-------------+------------+-------+--------------+
| Name    | Accessing Function(s) | Type | Size [Bits] | Data Width | Depth | Read Latency |
+---------+-----------------------+------+-------------+------------+-------+--------------+
| in_var  | sobel_filter          | ROM  | 0           | 8          | 0     | 1            |
| out_var | sobel_filter          | RAM  | 0           | 8          | 0     | 1            |
+---------+-----------------------+------+-------------+------------+-------+--------------+


====== 5. AXI4 Target Interface Address Map ======

Compatibility of HLS accelerator with reference SoC features: No.
SoC feature is only supported for PolarFire SoC Icicle Kit, and all accelerator interfaces need to be either axi_target or axi_initiator:
  - This project is not an Icicle_SoC project. See the project's config.tcl.
  - The interfaces of the following argument(s), global variable(s), and/or module control are not axi_target or axi_initiator:
    module control, in, out.


====== 6. Resource Binding with Adaptive Latency ======

Binding to resource with adaptive latency is disabled.
You can enable this feature by setting config parameter 'ADAPTIVE_LATENCY_BINDING' to 1.


====== 7. Static Runtime Estimate ======

+-------------------------------------------------------------+
| Function: sobel_filter takes 1040407 cycles                 |
+--------------+-----------+----------------+----+------------+
| Header Block | Trip Cout | Iteration Time | II | Total Time |
+--------------+-----------+----------------+----+------------+
| for_body     | 260100    | 6              | 4  | 1040402    |
+--------------+-----------+----------------+----+------------+

